# JRE version: OpenJDK Runtime Environment (17.0.7) (build 17.0.7+0-b2043.56-10550314)
# Java VM: OpenJDK 64-Bit Server VM (17.0.7+0-b2043.56-10550314, mixed mode, tiered, compressed oops, compressed class ptrs, g1 gc, windows-amd64)
GC Precious Log:
 CPUs: 8 total, 8 available
 Memory: 15805M
 Large Page Support: Disabled
 NUMA Support: Disabled
 Compressed Oops: Enabled (32-bit)
 Heap Region Size: 1M
 Heap Min Capacity: 8M
 Heap Initial Capacity: 248M
 Heap Max Capacity: 2G
 Pre-touch: Disabled
 Parallel Workers: 8
 Concurrent Workers: 2
 Concurrent Refinement Workers: 8
 Periodic GC: Disabled
Heap:
 garbage-first heap   total 282624K, used 183638K [0x0000000080000000, 0x0000000100000000)
  region size 1024K, 18 young (18432K), 8 survivors (8192K)
 Metaspace       used 106589K, committed 107392K, reserved 1179648K
  class space    used 14251K, committed 14656K, reserved 1048576K
GC Heap History (20 events):
Event: 13.262 GC heap before
{Heap before GC invocations=40 (full 0):
 garbage-first heap   total 235520K, used 188023K [0x0000000080000000, 0x0000000100000000)
  region size 1024K, 119 young (121856K), 9 survivors (9216K)
 Metaspace       used 93419K, committed 94144K, reserved 1179648K
  class space    used 12912K, committed 13248K, reserved 1048576K
}
Event: 13.277 GC heap after
{Heap after GC invocations=41 (full 0):
 garbage-first heap   total 235520K, used 83877K [0x0000000080000000, 0x0000000100000000)
  region size 1024K, 15 young (15360K), 15 survivors (15360K)
 Metaspace       used 93419K, committed 94144K, reserved 1179648K
  class space    used 12912K, committed 13248K, reserved 1048576K
}
Event: 14.531 GC heap before
{Heap before GC invocations=41 (full 0):
 garbage-first heap   total 235520K, used 193445K [0x0000000080000000, 0x0000000100000000)
  region size 1024K, 113 young (115712K), 15 survivors (15360K)
 Metaspace       used 96793K, committed 97536K, reserved 1179648K
  class space    used 13320K, committed 13696K, reserved 1048576K
}
Event: 14.551 GC heap after
{Heap after GC invocations=42 (full 0):
 garbage-first heap   total 235520K, used 109403K [0x0000000080000000, 0x0000000100000000)
  region size 1024K, 15 young (15360K), 15 survivors (15360K)
 Metaspace       used 96793K, committed 97536K, reserved 1179648K
  class space    used 13320K, committed 13696K, reserved 1048576K
}
Event: 15.153 GC heap before
{Heap before GC invocations=42 (full 0):
 garbage-first heap   total 235520K, used 196443K [0x0000000080000000, 0x0000000100000000)
  region size 1024K, 84 young (86016K), 15 survivors (15360K)
 Metaspace       used 100370K, committed 101056K, reserved 1179648K
  class space    used 13665K, committed 14016K, reserved 1048576K
}
Event: 15.169 GC heap after
{Heap after GC invocations=43 (full 0):
 garbage-first heap   total 235520K, used 119117K [0x0000000080000000, 0x0000000100000000)
  region size 1024K, 9 young (9216K), 9 survivors (9216K)
 Metaspace       used 100370K, committed 101056K, reserved 1179648K
  class space    used 13665K, committed 14016K, reserved 1048576K
}
Event: 15.689 GC heap before
{Heap before GC invocations=43 (full 0):
 garbage-first heap   total 235520K, used 183629K [0x0000000080000000, 0x0000000100000000)
  region size 1024K, 73 young (74752K), 9 survivors (9216K)
 Metaspace       used 102247K, committed 102976K, reserved 1179648K
  class space    used 13807K, committed 14144K, reserved 1048576K
}
Event: 15.698 GC heap after
{Heap after GC invocations=44 (full 0):
 garbage-first heap   total 235520K, used 126633K [0x0000000080000000, 0x0000000100000000)
  region size 1024K, 8 young (8192K), 8 survivors (8192K)
 Metaspace       used 102247K, committed 102976K, reserved 1179648K
  class space    used 13807K, committed 14144K, reserved 1048576K
}
Event: 16.164 GC heap before
{Heap before GC invocations=44 (full 0):
 garbage-first heap   total 235520K, used 187049K [0x0000000080000000, 0x0000000100000000)
  region size 1024K, 68 young (69632K), 8 survivors (8192K)
 Metaspace       used 103252K, committed 104000K, reserved 1179648K
  class space    used 13887K, committed 14208K, reserved 1048576K
}
Event: 16.174 GC heap after
{Heap after GC invocations=45 (full 0):
 garbage-first heap   total 235520K, used 129445K [0x0000000080000000, 0x0000000100000000)
  region size 1024K, 5 young (5120K), 5 survivors (5120K)
 Metaspace       used 103252K, committed 104000K, reserved 1179648K
  class space    used 13887K, committed 14208K, reserved 1048576K
}
Event: 62.742 GC heap before
{Heap before GC invocations=45 (full 0):
 garbage-first heap   total 235520K, used 189861K [0x0000000080000000, 0x0000000100000000)
  region size 1024K, 65 young (66560K), 5 survivors (5120K)
 Metaspace       used 105767K, committed 106624K, reserved 1179648K
  class space    used 14226K, committed 14656K, reserved 1048576K
}
Event: 62.751 GC heap after
{Heap after GC invocations=46 (full 0):
 garbage-first heap   total 235520K, used 133437K [0x0000000080000000, 0x0000000100000000)
  region size 1024K, 9 young (9216K), 9 survivors (9216K)
 Metaspace       used 105767K, committed 106624K, reserved 1179648K
  class space    used 14226K, committed 14656K, reserved 1048576K
}
Event: 63.601 GC heap before
{Heap before GC invocations=46 (full 0):
 garbage-first heap   total 235520K, used 193853K [0x0000000080000000, 0x0000000100000000)
  region size 1024K, 67 young (68608K), 9 survivors (9216K)
 Metaspace       used 106305K, committed 107136K, reserved 1179648K
  class space    used 14240K, committed 14656K, reserved 1048576K
}
Event: 63.616 GC heap after
{Heap after GC invocations=47 (full 0):
 garbage-first heap   total 235520K, used 153323K [0x0000000080000000, 0x0000000100000000)
  region size 1024K, 9 young (9216K), 9 survivors (9216K)
 Metaspace       used 106305K, committed 107136K, reserved 1179648K
  class space    used 14240K, committed 14656K, reserved 1048576K
}
Event: 63.851 GC heap before
{Heap before GC invocations=47 (full 0):
 garbage-first heap   total 235520K, used 194283K [0x0000000080000000, 0x0000000100000000)
  region size 1024K, 42 young (43008K), 9 survivors (9216K)
 Metaspace       used 106325K, committed 107136K, reserved 1179648K
  class space    used 14242K, committed 14656K, reserved 1048576K
}
Event: 63.861 GC heap after
{Heap after GC invocations=48 (full 0):
 garbage-first heap   total 235520K, used 162439K [0x0000000080000000, 0x0000000100000000)
  region size 1024K, 6 young (6144K), 6 survivors (6144K)
 Metaspace       used 106325K, committed 107136K, reserved 1179648K
  class space    used 14242K, committed 14656K, reserved 1048576K
}
Event: 64.010 GC heap before
{Heap before GC invocations=48 (full 0):
 garbage-first heap   total 235520K, used 205447K [0x0000000080000000, 0x0000000100000000)
  region size 1024K, 32 young (32768K), 6 survivors (6144K)
 Metaspace       used 106345K, committed 107136K, reserved 1179648K
  class space    used 14242K, committed 14656K, reserved 1048576K
}
Event: 64.016 GC heap after
{Heap after GC invocations=49 (full 0):
 garbage-first heap   total 282624K, used 163578K [0x0000000080000000, 0x0000000100000000)
  region size 1024K, 3 young (3072K), 3 survivors (3072K)
 Metaspace       used 106345K, committed 107136K, reserved 1179648K
  class space    used 14242K, committed 14656K, reserved 1048576K
}
Event: 64.469 GC heap before
{Heap before GC invocations=49 (full 0):
 garbage-first heap   total 282624K, used 221946K [0x0000000080000000, 0x0000000100000000)
  region size 1024K, 60 young (61440K), 3 survivors (3072K)
 Metaspace       used 106487K, committed 107328K, reserved 1179648K
  class space    used 14244K, committed 14656K, reserved 1048576K
}
Event: 64.479 GC heap after
{Heap after GC invocations=50 (full 0):
 garbage-first heap   total 282624K, used 174422K [0x0000000080000000, 0x0000000100000000)
  region size 1024K, 8 young (8192K), 8 survivors (8192K)
 Metaspace       used 106487K, committed 107328K, reserved 1179648K
  class space    used 14244K, committed 14656K, reserved 1048576K
}

